  Add EmployeeForm.cpp
  AdminForm.cpp
  ChangePasswordForm.cpp
C:\Users\win 10\source\repos\HotelManagementProject2\HotelManagementProject2\Login.h(261,21): warning C4101: 'ex': unreferenced local variable
  (compiling source file 'AdminForm.cpp')
  
  ChangePasswordForm1.cpp
  Login.cpp
C:\Users\win 10\source\repos\HotelManagementProject2\HotelManagementProject2\Login.h(261,21): warning C4101: 'ex': unreferenced local variable
  (compiling source file 'Login.cpp')
  
  LoginAdmin.cpp
  MyForm.cpp
  MyUserControl.cpp
  Program.cpp
C:\Users\win 10\source\repos\HotelManagementProject2\HotelManagementProject2\Login.h(261,21): warning C4101: 'ex': unreferenced local variable
  (compiling source file 'Program.cpp')
  
  SplashForm.cpp
  SplashForm1.cpp
  StaffForm.cpp
  StaffForm1.cpp
  .NETFramework,Version=v4.7.2.AssemblyAttributes.cpp
  Generating Code...
  Add EmployeeForm.obj : MSIL module encountered; incremental linking is disabled for MSIL; performing full link
  HotelManagementProject2.vcxproj -> C:\Users\win 10\source\repos\HotelManagementProject2\x64\Release\HotelManagementProject2.exe
