c:\users\win 10\source\repos\hotelmanagementproject2\hotelmanagementproject2\x64\debug\vc143.pdb
c:\users\win 10\source\repos\hotelmanagementproject2\hotelmanagementproject2\x64\debug\.netframework,version=v4.7.2.assemblyattributes.obj
c:\users\win 10\source\repos\hotelmanagementproject2\hotelmanagementproject2\x64\debug\viewroomstatusform.obj
c:\users\win 10\source\repos\hotelmanagementproject2\hotelmanagementproject2\x64\debug\viewform1.obj
c:\users\win 10\source\repos\hotelmanagementproject2\hotelmanagementproject2\x64\debug\staffform1.obj
c:\users\win 10\source\repos\hotelmanagementproject2\hotelmanagementproject2\x64\debug\staffform.obj
c:\users\win 10\source\repos\hotelmanagementproject2\hotelmanagementproject2\x64\debug\splashform1.obj
c:\users\win 10\source\repos\hotelmanagementproject2\hotelmanagementproject2\x64\debug\splashform.obj
c:\users\win 10\source\repos\hotelmanagementproject2\hotelmanagementproject2\x64\debug\program.obj
c:\users\win 10\source\repos\hotelmanagementproject2\hotelmanagementproject2\x64\debug\myusercontrol.obj
c:\users\win 10\source\repos\hotelmanagementproject2\hotelmanagementproject2\x64\debug\myloginform1.obj
c:\users\win 10\source\repos\hotelmanagementproject2\hotelmanagementproject2\x64\debug\myform.obj
c:\users\win 10\source\repos\hotelmanagementproject2\hotelmanagementproject2\x64\debug\loginadmin.obj
c:\users\win 10\source\repos\hotelmanagementproject2\hotelmanagementproject2\x64\debug\login.obj
c:\users\win 10\source\repos\hotelmanagementproject2\hotelmanagementproject2\x64\debug\checkinform.obj
c:\users\win 10\source\repos\hotelmanagementproject2\hotelmanagementproject2\x64\debug\changepasswordstaffformform.obj
c:\users\win 10\source\repos\hotelmanagementproject2\hotelmanagementproject2\x64\debug\changepasswordform1.obj
c:\users\win 10\source\repos\hotelmanagementproject2\hotelmanagementproject2\x64\debug\changepasswordform.obj
c:\users\win 10\source\repos\hotelmanagementproject2\hotelmanagementproject2\x64\debug\adminform.obj
c:\users\win 10\source\repos\hotelmanagementproject2\hotelmanagementproject2\x64\debug\add employeeform.obj
c:\users\win 10\source\repos\hotelmanagementproject2\x64\debug\hotelmanagementproject2.exe
c:\users\win 10\source\repos\hotelmanagementproject2\x64\debug\hotelmanagementproject2.pdb
c:\users\win 10\source\repos\hotelmanagementproject2\hotelmanagementproject2\x64\debug\hotelman.37a1655a.tlog\cl.command.1.tlog
c:\users\win 10\source\repos\hotelmanagementproject2\hotelmanagementproject2\x64\debug\hotelman.37a1655a.tlog\cl.items.tlog
c:\users\win 10\source\repos\hotelmanagementproject2\hotelmanagementproject2\x64\debug\hotelman.37a1655a.tlog\cl.read.1.tlog
c:\users\win 10\source\repos\hotelmanagementproject2\hotelmanagementproject2\x64\debug\hotelman.37a1655a.tlog\cl.write.1.tlog
c:\users\win 10\source\repos\hotelmanagementproject2\hotelmanagementproject2\x64\debug\hotelman.37a1655a.tlog\link.command.1.tlog
c:\users\win 10\source\repos\hotelmanagementproject2\hotelmanagementproject2\x64\debug\hotelman.37a1655a.tlog\link.read.1.tlog
c:\users\win 10\source\repos\hotelmanagementproject2\hotelmanagementproject2\x64\debug\hotelman.37a1655a.tlog\link.secondary.1.tlog
c:\users\win 10\source\repos\hotelmanagementproject2\hotelmanagementproject2\x64\debug\hotelman.37a1655a.tlog\link.write.1.tlog
c:\users\win 10\source\repos\hotelmanagementproject2\hotelmanagementproject2\x64\debug\hotelman.37a1655a.tlog\metagen.read.1.tlog
c:\users\win 10\source\repos\hotelmanagementproject2\hotelmanagementproject2\x64\debug\hotelman.37a1655a.tlog\metagen.write.1.tlog
c:\users\win 10\source\repos\hotelmanagementproject2\hotelmanagementproject2\x64\debug\hotelman.37a1655a.tlog\resgen.command.1.tlog
c:\users\win 10\source\repos\hotelmanagementproject2\hotelmanagementproject2\x64\debug\hotelman.37a1655a.tlog\resgen.read.1.tlog
c:\users\win 10\source\repos\hotelmanagementproject2\hotelmanagementproject2\x64\debug\hotelman.37a1655a.tlog\resgen.write.1.tlog
